[2026-05-26 01:44:47] === HypeBot Service iniciando ===
[2026-05-26 01:44:47] URL: https://21473d90e2694b.lhr.life
[2026-05-26 01:44:47] Iniciando dashboard...
[2026-05-26 01:44:51] Dashboard OK.
[2026-05-26 01:44:51] Conectando tunel SSH...
[2026-05-26 01:44:51] Tunel desconectado. Aguardando 15s para reconectar...
[2026-05-26 01:45:06] Conectando tunel SSH...
[2026-05-26 01:45:06] Tunel desconectado. Aguardando 15s para reconectar...
[2026-05-26 01:45:21] Conectando tunel SSH...
[2026-05-26 01:45:21] Tunel desconectado. Aguardando 15s para reconectar...
[2026-05-26 01:45:36] Conectando tunel SSH...
[2026-05-26 01:45:37] Tunel desconectado. Aguardando 15s para reconectar...
[2026-05-26 01:45:52] Conectando tunel SSH...
[2026-05-26 01:45:52] Tunel desconectado. Aguardando 15s para reconectar...
[2026-05-26 01:46:07] Conectando tunel SSH...
[2026-05-26 01:46:07] Tunel desconectado. Aguardando 15s para reconectar...
[2026-05-26 01:46:22] Conectando tunel SSH...
[2026-05-26 01:46:22] Tunel desconectado. Aguardando 15s para reconectar...
[2026-05-26 01:46:37] Conectando tunel SSH...
[2026-05-26 01:46:37] Tunel desconectado. Aguardando 15s para reconectar...
[2026-05-26 01:46:52] Conectando tunel SSH...
[2026-05-26 01:46:52] Tunel desconectado. Aguardando 15s para reconectar...
[2026-05-26 01:47:07] Conectando tunel SSH...
[2026-05-26 01:47:07] Tunel desconectado. Aguardando 15s para reconectar...
[2026-05-26 01:47:22] Conectando tunel SSH...
[2026-05-26 01:47:22] Tunel desconectado. Aguardando 15s para reconectar...
[2026-05-26 01:47:37] Conectando tunel SSH...
[2026-05-26 01:47:37] Tunel desconectado. Aguardando 15s para reconectar...
[2026-05-26 01:47:52] Conectando tunel SSH...
[2026-05-26 01:47:52] Tunel desconectado. Aguardando 15s para reconectar...
[2026-05-26 01:48:07] Conectando tunel SSH...
[2026-05-26 01:48:07] Tunel desconectado. Aguardando 15s para reconectar...
[2026-05-26 01:48:22] Conectando tunel SSH...
[2026-05-26 01:48:22] Tunel desconectado. Aguardando 15s para reconectar...
[2026-05-26 01:48:37] Conectando tunel SSH...
[2026-05-26 01:48:37] Tunel desconectado. Aguardando 15s para reconectar...
[2026-05-26 01:48:52] Conectando tunel SSH...
[2026-05-26 01:48:52] Tunel desconectado. Aguardando 15s para reconectar...
[2026-05-26 01:49:07] Conectando tunel SSH...
[2026-05-26 01:49:07] Tunel desconectado. Aguardando 15s para reconectar...
[2026-05-26 01:49:22] Conectando tunel SSH...
[2026-05-26 01:49:22] Tunel desconectado. Aguardando 15s para reconectar...
[2026-05-26 01:49:37] Conectando tunel SSH...
[2026-05-26 01:49:37] Tunel desconectado. Aguardando 15s para reconectar...
[2026-05-26 01:49:52] Conectando tunel SSH...
[2026-05-26 01:49:52] Tunel desconectado. Aguardando 15s para reconectar...
[2026-05-26 01:50:07] Conectando tunel SSH...
[2026-05-26 01:50:07] Tunel desconectado. Aguardando 15s para reconectar...
[2026-05-26 01:50:22] Conectando tunel SSH...
[2026-05-26 01:50:22] Tunel desconectado. Aguardando 15s para reconectar...
[2026-05-26 01:50:37] Conectando tunel SSH...
[2026-05-26 01:50:37] Tunel desconectado. Aguardando 15s para reconectar...
[2026-05-26 01:50:52] Conectando tunel SSH...
[2026-05-26 01:50:52] Tunel desconectado. Aguardando 15s para reconectar...
[2026-05-26 01:51:07] Conectando tunel SSH...
[2026-05-26 01:51:07] Tunel desconectado. Aguardando 15s para reconectar...
[2026-05-26 01:51:22] Conectando tunel SSH...
[2026-05-26 01:51:22] Tunel desconectado. Aguardando 15s para reconectar...
[2026-05-26 01:51:37] Conectando tunel SSH...
[2026-05-26 01:51:37] Tunel desconectado. Aguardando 15s para reconectar...
[2026-05-26 01:51:52] Conectando tunel SSH...
[2026-05-26 01:51:53] Tunel desconectado. Aguardando 15s para reconectar...
[2026-05-26 01:52:08] Conectando tunel SSH...
[2026-05-26 01:52:08] Tunel desconectado. Aguardando 15s para reconectar...
[2026-05-26 01:52:23] Conectando tunel SSH...
[2026-05-26 01:52:23] Tunel desconectado. Aguardando 15s para reconectar...
[2026-05-26 01:52:38] Conectando tunel SSH...
[2026-05-26 01:52:38] Tunel desconectado. Aguardando 15s para reconectar...
[2026-05-26 01:52:53] Conectando tunel SSH...
[2026-05-26 01:52:53] Tunel desconectado. Aguardando 15s para reconectar...
[2026-05-26 01:53:08] Conectando tunel SSH...
[2026-05-26 01:53:08] Tunel desconectado. Aguardando 15s para reconectar...
[2026-05-26 01:53:23] Conectando tunel SSH...
[2026-05-26 01:53:23] Tunel desconectado. Aguardando 15s para reconectar...
[2026-05-26 01:53:38] Conectando tunel SSH...
[2026-05-26 01:53:38] Tunel desconectado. Aguardando 15s para reconectar...
[2026-05-26 01:53:53] Conectando tunel SSH...
[2026-05-26 01:53:53] Tunel desconectado. Aguardando 15s para reconectar...
[2026-05-26 01:54:08] Conectando tunel SSH...
[2026-05-26 01:54:08] Tunel desconectado. Aguardando 15s para reconectar...
[2026-05-26 01:54:23] Conectando tunel SSH...
[2026-05-26 01:54:23] Tunel desconectado. Aguardando 15s para reconectar...
[2026-05-26 01:54:38] Conectando tunel SSH...
[2026-05-26 01:54:38] Tunel desconectado. Aguardando 15s para reconectar...
[2026-05-26 01:54:53] Conectando tunel SSH...
[2026-05-26 01:54:53] Tunel desconectado. Aguardando 15s para reconectar...
[2026-05-26 01:55:08] Conectando tunel SSH...
[2026-05-26 01:55:08] Tunel desconectado. Aguardando 15s para reconectar...
[2026-05-26 01:55:23] Conectando tunel SSH...
[2026-05-26 01:55:23] Tunel desconectado. Aguardando 15s para reconectar...
[2026-05-26 01:55:38] Conectando tunel SSH...
[2026-05-26 01:55:38] Tunel desconectado. Aguardando 15s para reconectar...
[2026-05-26 01:55:53] Conectando tunel SSH...
[2026-05-26 01:55:53] Tunel desconectado. Aguardando 15s para reconectar...
[2026-05-26 01:56:08] Conectando tunel SSH...
[2026-05-26 01:56:08] Tunel desconectado. Aguardando 15s para reconectar...
[2026-05-26 01:56:23] Conectando tunel SSH...
[2026-05-26 01:56:23] Tunel desconectado. Aguardando 15s para reconectar...
[2026-05-26 01:56:38] Conectando tunel SSH...
[2026-05-26 01:56:38] Tunel desconectado. Aguardando 15s para reconectar...
[2026-05-26 01:56:53] Conectando tunel SSH...
[2026-05-26 01:56:53] Tunel desconectado. Aguardando 15s para reconectar...
[2026-05-26 01:57:08] Conectando tunel SSH...
[2026-05-26 01:57:08] Tunel desconectado. Aguardando 15s para reconectar...
[2026-05-26 01:57:23] Conectando tunel SSH...
[2026-05-26 01:57:23] Tunel desconectado. Aguardando 15s para reconectar...
[2026-05-26 01:57:38] Conectando tunel SSH...
[2026-05-26 01:57:38] Tunel desconectado. Aguardando 15s para reconectar...
[2026-05-26 01:57:53] Conectando tunel SSH...
[2026-05-26 01:57:53] Tunel desconectado. Aguardando 15s para reconectar...
[2026-05-26 01:58:08] Conectando tunel SSH...
[2026-05-26 01:58:08] Tunel desconectado. Aguardando 15s para reconectar...
[2026-05-26 01:58:23] Conectando tunel SSH...
[2026-05-26 01:58:23] Tunel desconectado. Aguardando 15s para reconectar...
[2026-05-26 01:58:38] Conectando tunel SSH...
[2026-05-26 01:58:38] Tunel desconectado. Aguardando 15s para reconectar...
[2026-05-26 01:58:53] Conectando tunel SSH...
[2026-05-26 01:58:53] Tunel desconectado. Aguardando 15s para reconectar...
[2026-05-26 01:59:08] Conectando tunel SSH...
[2026-05-26 01:59:08] Tunel desconectado. Aguardando 15s para reconectar...
[2026-05-26 01:59:23] Conectando tunel SSH...
[2026-05-26 01:59:23] Tunel desconectado. Aguardando 15s para reconectar...
[2026-05-26 01:59:38] Conectando tunel SSH...
[2026-05-26 01:59:39] Tunel desconectado. Aguardando 15s para reconectar...
[2026-05-26 01:59:54] Conectando tunel SSH...
[2026-05-26 01:59:54] Tunel desconectado. Aguardando 15s para reconectar...
[2026-05-26 02:00:09] Conectando tunel SSH...
[2026-05-26 02:00:09] Tunel desconectado. Aguardando 15s para reconectar...
[2026-05-26 02:00:24] Conectando tunel SSH...
[2026-05-26 02:00:24] Tunel desconectado. Aguardando 15s para reconectar...
[2026-05-26 02:00:39] Conectando tunel SSH...
[2026-05-26 02:00:39] Tunel desconectado. Aguardando 15s para reconectar...
[2026-05-26 02:00:54] Conectando tunel SSH...
[2026-05-26 02:00:54] Tunel desconectado. Aguardando 15s para reconectar...
[2026-05-26 02:01:09] Conectando tunel SSH...
[2026-05-26 02:01:09] Tunel desconectado. Aguardando 15s para reconectar...
[2026-05-26 02:01:24] Conectando tunel SSH...
[2026-05-26 02:01:24] Tunel desconectado. Aguardando 15s para reconectar...
[2026-05-26 02:01:39] Conectando tunel SSH...
[2026-05-26 02:01:39] Tunel desconectado. Aguardando 15s para reconectar...
[2026-05-26 02:01:54] Conectando tunel SSH...
[2026-05-26 02:01:54] Tunel desconectado. Aguardando 15s para reconectar...
[2026-05-26 02:02:09] Conectando tunel SSH...
[2026-05-26 02:02:09] Tunel desconectado. Aguardando 15s para reconectar...
[2026-05-26 02:02:24] Conectando tunel SSH...
[2026-05-26 02:02:24] Tunel desconectado. Aguardando 15s para reconectar...
[2026-05-26 02:02:39] Conectando tunel SSH...
[2026-05-26 02:02:39] Tunel desconectado. Aguardando 15s para reconectar...
[2026-05-26 02:02:54] Conectando tunel SSH...
[2026-05-26 02:02:54] Tunel desconectado. Aguardando 15s para reconectar...
[2026-05-26 02:03:09] Conectando tunel SSH...
[2026-05-26 02:03:09] Tunel desconectado. Aguardando 15s para reconectar...
[2026-05-26 02:03:24] Conectando tunel SSH...
[2026-05-26 02:03:24] Tunel desconectado. Aguardando 15s para reconectar...
[2026-05-26 02:03:39] Conectando tunel SSH...
[2026-05-26 02:03:39] Tunel desconectado. Aguardando 15s para reconectar...
[2026-05-26 02:03:54] Conectando tunel SSH...
[2026-05-26 02:03:54] Tunel desconectado. Aguardando 15s para reconectar...
[2026-05-26 02:04:09] Conectando tunel SSH...
[2026-05-26 02:04:09] Tunel desconectado. Aguardando 15s para reconectar...
[2026-05-26 02:04:24] Conectando tunel SSH...
[2026-05-26 02:04:24] Tunel desconectado. Aguardando 15s para reconectar...
[2026-05-26 02:04:39] Conectando tunel SSH...
[2026-05-26 02:04:39] Tunel desconectado. Aguardando 15s para reconectar...
[2026-05-26 02:04:54] Conectando tunel SSH...
[2026-05-26 02:04:54] Tunel desconectado. Aguardando 15s para reconectar...
[2026-05-26 02:05:09] Conectando tunel SSH...
[2026-05-26 02:05:09] Tunel desconectado. Aguardando 15s para reconectar...
[2026-05-26 02:05:24] Conectando tunel SSH...
[2026-05-26 02:05:24] Tunel desconectado. Aguardando 15s para reconectar...
[2026-05-26 02:05:39] Conectando tunel SSH...
[2026-05-26 02:05:39] Tunel desconectado. Aguardando 15s para reconectar...
[2026-05-26 02:05:54] Conectando tunel SSH...
[2026-05-26 02:05:54] Tunel desconectado. Aguardando 15s para reconectar...
[2026-05-26 02:06:09] Conectando tunel SSH...
[2026-05-26 02:06:09] Tunel desconectado. Aguardando 15s para reconectar...
[2026-05-26 02:06:24] Conectando tunel SSH...
[2026-05-26 02:06:24] Tunel desconectado. Aguardando 15s para reconectar...
[2026-05-26 02:06:39] Conectando tunel SSH...
[2026-05-26 02:06:39] Tunel desconectado. Aguardando 15s para reconectar...
[2026-05-26 02:06:54] Conectando tunel SSH...
[2026-05-26 02:06:54] Tunel desconectado. Aguardando 15s para reconectar...
[2026-05-26 02:07:09] Conectando tunel SSH...
[2026-05-26 02:07:10] Tunel desconectado. Aguardando 15s para reconectar...
[2026-05-26 02:07:25] Conectando tunel SSH...
[2026-05-26 02:07:25] Tunel desconectado. Aguardando 15s para reconectar...
[2026-05-26 02:07:40] Conectando tunel SSH...
[2026-05-26 02:07:40] Tunel desconectado. Aguardando 15s para reconectar...
[2026-05-26 02:07:55] Conectando tunel SSH...
[2026-05-26 02:07:55] Tunel desconectado. Aguardando 15s para reconectar...
[2026-05-26 02:08:10] Conectando tunel SSH...
[2026-05-26 02:08:10] Tunel desconectado. Aguardando 15s para reconectar...
[2026-05-26 02:08:25] Conectando tunel SSH...
[2026-05-26 02:08:25] Tunel desconectado. Aguardando 15s para reconectar...
[2026-05-26 02:08:40] Conectando tunel SSH...
[2026-05-26 02:08:40] Tunel desconectado. Aguardando 15s para reconectar...
[2026-05-26 02:08:55] Conectando tunel SSH...
[2026-05-26 02:08:55] Tunel desconectado. Aguardando 15s para reconectar...
[2026-05-26 02:09:10] Conectando tunel SSH...
[2026-05-26 02:09:10] Tunel desconectado. Aguardando 15s para reconectar...
[2026-05-26 02:09:25] Conectando tunel SSH...
[2026-05-26 02:09:25] Tunel desconectado. Aguardando 15s para reconectar...
[2026-05-26 02:09:40] Conectando tunel SSH...
[2026-05-26 02:09:40] Tunel desconectado. Aguardando 15s para reconectar...
[2026-05-26 02:09:55] Conectando tunel SSH...
[2026-05-26 02:09:55] Tunel desconectado. Aguardando 15s para reconectar...
[2026-05-26 02:10:10] Conectando tunel SSH...
[2026-05-26 02:10:10] Tunel desconectado. Aguardando 15s para reconectar...
[2026-05-26 02:10:25] Conectando tunel SSH...
[2026-05-26 02:10:25] Tunel desconectado. Aguardando 15s para reconectar...
[2026-05-26 02:10:40] Conectando tunel SSH...
[2026-05-26 02:10:40] Tunel desconectado. Aguardando 15s para reconectar...
[2026-05-26 02:10:55] Conectando tunel SSH...
[2026-05-26 02:10:55] Tunel desconectado. Aguardando 15s para reconectar...
[2026-05-26 02:11:10] Conectando tunel SSH...
[2026-05-26 02:11:10] Tunel desconectado. Aguardando 15s para reconectar...
[2026-05-26 02:11:25] Conectando tunel SSH...
[2026-05-26 02:11:25] Tunel desconectado. Aguardando 15s para reconectar...
[2026-05-26 02:11:40] Conectando tunel SSH...
[2026-05-26 02:11:40] Tunel desconectado. Aguardando 15s para reconectar...
[2026-05-26 02:11:55] Conectando tunel SSH...
[2026-05-26 02:11:55] Tunel desconectado. Aguardando 15s para reconectar...
[2026-05-26 02:12:10] Conectando tunel SSH...
[2026-05-26 02:12:10] Tunel desconectado. Aguardando 15s para reconectar...
[2026-05-26 02:12:25] Conectando tunel SSH...
[2026-05-26 02:12:25] Tunel desconectado. Aguardando 15s para reconectar...
[2026-05-26 02:12:40] Conectando tunel SSH...
[2026-05-26 02:12:40] Tunel desconectado. Aguardando 15s para reconectar...
[2026-05-26 02:12:55] Conectando tunel SSH...
[2026-05-26 02:12:55] Tunel desconectado. Aguardando 15s para reconectar...
[2026-05-26 02:13:10] Conectando tunel SSH...
[2026-05-26 02:13:10] Tunel desconectado. Aguardando 15s para reconectar...
[2026-05-26 02:13:25] Conectando tunel SSH...
[2026-05-26 02:13:25] Tunel desconectado. Aguardando 15s para reconectar...
[2026-05-26 02:13:40] Conectando tunel SSH...
[2026-05-26 02:13:40] Tunel desconectado. Aguardando 15s para reconectar...
[2026-05-26 02:13:55] Conectando tunel SSH...
[2026-05-26 02:13:55] Tunel desconectado. Aguardando 15s para reconectar...
[2026-05-26 02:14:10] Conectando tunel SSH...
[2026-05-26 02:14:10] Tunel desconectado. Aguardando 15s para reconectar...
[2026-05-26 02:14:25] Conectando tunel SSH...
[2026-05-26 02:14:25] Tunel desconectado. Aguardando 15s para reconectar...
[2026-05-26 02:14:40] Conectando tunel SSH...
[2026-05-26 02:14:41] Tunel desconectado. Aguardando 15s para reconectar...
[2026-05-26 02:14:56] Conectando tunel SSH...
[2026-05-26 02:14:56] Tunel desconectado. Aguardando 15s para reconectar...
[2026-05-26 02:15:11] Conectando tunel SSH...
[2026-05-26 02:15:11] Tunel desconectado. Aguardando 15s para reconectar...
[2026-05-26 02:15:26] Conectando tunel SSH...
[2026-05-26 02:15:26] Tunel desconectado. Aguardando 15s para reconectar...
[2026-05-26 02:15:41] Conectando tunel SSH...
[2026-05-26 02:15:41] Tunel desconectado. Aguardando 15s para reconectar...
[2026-05-26 02:15:56] Conectando tunel SSH...
[2026-05-26 02:15:56] Tunel desconectado. Aguardando 15s para reconectar...
[2026-05-26 02:16:11] Conectando tunel SSH...
[2026-05-26 02:16:11] Tunel desconectado. Aguardando 15s para reconectar...
[2026-05-26 02:16:26] Conectando tunel SSH...
[2026-05-26 02:16:26] Tunel desconectado. Aguardando 15s para reconectar...
[2026-05-26 02:16:41] Conectando tunel SSH...
[2026-05-26 02:16:41] Tunel desconectado. Aguardando 15s para reconectar...
[2026-05-26 02:16:56] Conectando tunel SSH...
[2026-05-26 02:16:56] Tunel desconectado. Aguardando 15s para reconectar...
[2026-05-26 02:17:11] Conectando tunel SSH...
[2026-05-26 02:17:11] Tunel desconectado. Aguardando 15s para reconectar...
[2026-05-26 02:17:26] Conectando tunel SSH...
[2026-05-26 02:17:26] Tunel desconectado. Aguardando 15s para reconectar...
[2026-05-26 02:17:41] Conectando tunel SSH...
[2026-05-26 02:17:41] Tunel desconectado. Aguardando 15s para reconectar...
[2026-05-26 02:17:56] Conectando tunel SSH...
[2026-05-26 02:17:56] Tunel desconectado. Aguardando 15s para reconectar...
[2026-05-26 02:18:11] Conectando tunel SSH...
[2026-05-26 02:18:11] Tunel desconectado. Aguardando 15s para reconectar...
[2026-05-26 02:18:26] Conectando tunel SSH...
[2026-05-26 02:18:26] Tunel desconectado. Aguardando 15s para reconectar...
[2026-05-26 02:18:41] Conectando tunel SSH...
[2026-05-26 02:18:41] Tunel desconectado. Aguardando 15s para reconectar...
[2026-05-26 02:18:56] Conectando tunel SSH...
[2026-05-26 02:18:56] Tunel desconectado. Aguardando 15s para reconectar...
[2026-05-26 02:19:11] Conectando tunel SSH...
[2026-05-26 02:19:11] Tunel desconectado. Aguardando 15s para reconectar...
[2026-05-26 02:19:26] Conectando tunel SSH...
[2026-05-26 02:19:26] Tunel desconectado. Aguardando 15s para reconectar...
[2026-05-26 02:19:41] Conectando tunel SSH...
[2026-05-26 02:19:41] Tunel desconectado. Aguardando 15s para reconectar...
[2026-05-26 02:19:56] Conectando tunel SSH...
[2026-05-26 02:19:56] Tunel desconectado. Aguardando 15s para reconectar...
[2026-05-26 02:20:11] Conectando tunel SSH...
[2026-05-26 02:20:11] Tunel desconectado. Aguardando 15s para reconectar...
[2026-05-26 02:20:26] Conectando tunel SSH...
[2026-05-26 02:20:26] Tunel desconectado. Aguardando 15s para reconectar...
[2026-05-26 02:20:41] Conectando tunel SSH...
[2026-05-26 02:20:41] Tunel desconectado. Aguardando 15s para reconectar...
[2026-05-26 02:20:56] Conectando tunel SSH...
[2026-05-26 02:20:56] Tunel desconectado. Aguardando 15s para reconectar...
[2026-05-26 02:21:11] Conectando tunel SSH...
[2026-05-26 02:21:11] Tunel desconectado. Aguardando 15s para reconectar...
[2026-05-26 02:21:26] Conectando tunel SSH...
[2026-05-26 02:21:26] Tunel desconectado. Aguardando 15s para reconectar...
[2026-05-26 02:21:42] Conectando tunel SSH...
[2026-05-26 02:21:42] Tunel desconectado. Aguardando 15s para reconectar...
[2026-05-26 02:21:57] Conectando tunel SSH...
[2026-05-26 02:21:57] Tunel desconectado. Aguardando 15s para reconectar...
[2026-05-26 02:22:12] Conectando tunel SSH...
[2026-05-26 02:22:12] Tunel desconectado. Aguardando 15s para reconectar...
[2026-05-26 02:22:27] Conectando tunel SSH...
[2026-05-26 02:22:27] Tunel desconectado. Aguardando 15s para reconectar...
[2026-05-26 02:22:42] Conectando tunel SSH...
[2026-05-26 02:22:42] Tunel desconectado. Aguardando 15s para reconectar...
[2026-05-26 02:22:57] Conectando tunel SSH...
[2026-05-26 02:22:57] Tunel desconectado. Aguardando 15s para reconectar...
[2026-05-26 02:23:12] Conectando tunel SSH...
[2026-05-26 02:23:12] Tunel desconectado. Aguardando 15s para reconectar...
[2026-05-26 02:23:27] Conectando tunel SSH...
[2026-05-26 02:23:27] Tunel desconectado. Aguardando 15s para reconectar...
[2026-05-26 02:23:42] Conectando tunel SSH...
[2026-05-26 02:23:42] Tunel desconectado. Aguardando 15s para reconectar...
[2026-05-26 02:23:57] Conectando tunel SSH...
[2026-05-26 02:23:57] Tunel desconectado. Aguardando 15s para reconectar...
[2026-05-26 02:24:12] Conectando tunel SSH...
[2026-05-26 02:24:12] Tunel desconectado. Aguardando 15s para reconectar...
[2026-05-26 02:24:27] Conectando tunel SSH...
[2026-05-26 02:24:27] Tunel desconectado. Aguardando 15s para reconectar...
[2026-05-26 02:24:42] Conectando tunel SSH...
[2026-05-26 02:24:42] Tunel desconectado. Aguardando 15s para reconectar...
[2026-05-26 02:24:57] Conectando tunel SSH...
[2026-05-26 02:24:57] Tunel desconectado. Aguardando 15s para reconectar...
[2026-05-26 02:25:12] Conectando tunel SSH...
[2026-05-26 02:25:12] Tunel desconectado. Aguardando 15s para reconectar...
[2026-05-26 02:25:27] Conectando tunel SSH...
[2026-05-26 02:25:27] Tunel desconectado. Aguardando 15s para reconectar...
[2026-05-26 02:25:42] Conectando tunel SSH...
[2026-05-26 02:25:42] Tunel desconectado. Aguardando 15s para reconectar...
[2026-05-26 02:25:57] Conectando tunel SSH...
[2026-05-26 02:25:57] Tunel desconectado. Aguardando 15s para reconectar...
[2026-05-26 02:26:12] Conectando tunel SSH...
[2026-05-26 02:26:12] Tunel desconectado. Aguardando 15s para reconectar...
[2026-05-26 02:26:27] Conectando tunel SSH...
[2026-05-26 02:26:27] Tunel desconectado. Aguardando 15s para reconectar...
[2026-05-26 02:26:42] Conectando tunel SSH...
[2026-05-26 02:26:42] Tunel desconectado. Aguardando 15s para reconectar...
[2026-05-26 02:26:57] Conectando tunel SSH...
[2026-05-26 02:26:57] Tunel desconectado. Aguardando 15s para reconectar...
[2026-05-26 02:27:12] Conectando tunel SSH...
[2026-05-26 02:27:12] Tunel desconectado. Aguardando 15s para reconectar...
[2026-05-26 02:27:27] Conectando tunel SSH...
[2026-05-26 02:27:27] Tunel desconectado. Aguardando 15s para reconectar...
[2026-05-26 02:27:42] Conectando tunel SSH...
[2026-05-26 02:27:42] Tunel desconectado. Aguardando 15s para reconectar...
[2026-05-26 02:27:57] Conectando tunel SSH...
[2026-05-26 02:27:57] Tunel desconectado. Aguardando 15s para reconectar...
[2026-05-26 02:28:12] Conectando tunel SSH...
[2026-05-26 02:28:13] Tunel desconectado. Aguardando 15s para reconectar...
[2026-05-26 02:28:28] Conectando tunel SSH...
[2026-05-26 02:28:28] Tunel desconectado. Aguardando 15s para reconectar...
[2026-05-26 02:28:43] Conectando tunel SSH...
[2026-05-26 02:28:43] Tunel desconectado. Aguardando 15s para reconectar...
[2026-05-26 02:28:58] Conectando tunel SSH...
[2026-05-26 02:28:58] Tunel desconectado. Aguardando 15s para reconectar...
[2026-05-26 02:29:13] Conectando tunel SSH...
[2026-05-26 02:29:13] Tunel desconectado. Aguardando 15s para reconectar...
[2026-05-26 02:29:28] Conectando tunel SSH...
[2026-05-26 02:29:28] Tunel desconectado. Aguardando 15s para reconectar...
[2026-05-26 02:29:43] Conectando tunel SSH...
[2026-05-26 02:29:43] Tunel desconectado. Aguardando 15s para reconectar...
[2026-05-26 02:29:58] Conectando tunel SSH...
[2026-05-26 02:29:58] Tunel desconectado. Aguardando 15s para reconectar...
[2026-05-26 02:30:13] Conectando tunel SSH...
[2026-05-26 02:30:13] Tunel desconectado. Aguardando 15s para reconectar...
[2026-05-26 02:30:28] Conectando tunel SSH...
[2026-05-26 02:30:28] Tunel desconectado. Aguardando 15s para reconectar...
[2026-05-26 02:30:43] Conectando tunel SSH...
[2026-05-26 02:30:43] Tunel desconectado. Aguardando 15s para reconectar...
[2026-05-26 02:30:58] Conectando tunel SSH...
[2026-05-26 02:30:58] Tunel desconectado. Aguardando 15s para reconectar...
[2026-05-26 02:31:13] Conectando tunel SSH...
[2026-05-26 02:31:13] Tunel desconectado. Aguardando 15s para reconectar...
[2026-05-26 02:31:28] Conectando tunel SSH...
[2026-05-26 02:31:28] Tunel desconectado. Aguardando 15s para reconectar...
[2026-05-26 02:31:43] Conectando tunel SSH...
[2026-05-26 02:31:43] Tunel desconectado. Aguardando 15s para reconectar...
[2026-05-26 02:31:58] Conectando tunel SSH...
[2026-05-26 02:31:58] Tunel desconectado. Aguardando 15s para reconectar...
[2026-05-26 02:32:13] Conectando tunel SSH...
[2026-05-26 02:32:13] Tunel desconectado. Aguardando 15s para reconectar...
[2026-05-26 02:32:28] Conectando tunel SSH...
[2026-05-26 02:32:28] Tunel desconectado. Aguardando 15s para reconectar...
[2026-05-26 02:32:43] Conectando tunel SSH...
[2026-05-26 02:32:43] Tunel desconectado. Aguardando 15s para reconectar...
[2026-05-26 02:32:58] Conectando tunel SSH...
[2026-05-26 02:32:58] Tunel desconectado. Aguardando 15s para reconectar...
[2026-05-26 02:33:13] Conectando tunel SSH...
[2026-05-26 02:33:13] Tunel desconectado. Aguardando 15s para reconectar...
[2026-05-26 02:33:28] Conectando tunel SSH...
[2026-05-26 02:33:28] Tunel desconectado. Aguardando 15s para reconectar...
[2026-05-26 02:33:43] Conectando tunel SSH...
[2026-05-26 02:33:43] Tunel desconectado. Aguardando 15s para reconectar...
[2026-05-26 02:33:58] Conectando tunel SSH...
[2026-05-26 02:33:58] Tunel desconectado. Aguardando 15s para reconectar...
[2026-05-26 02:34:13] Conectando tunel SSH...
[2026-05-26 02:34:13] Tunel desconectado. Aguardando 15s para reconectar...
[2026-05-26 02:34:28] Conectando tunel SSH...
[2026-05-26 02:34:28] Tunel desconectado. Aguardando 15s para reconectar...
[2026-05-26 02:34:43] Conectando tunel SSH...
[2026-05-26 02:34:44] Tunel desconectado. Aguardando 15s para reconectar...
[2026-05-26 02:34:59] Conectando tunel SSH...
[2026-05-26 02:34:59] Tunel desconectado. Aguardando 15s para reconectar...
[2026-05-26 02:35:14] Conectando tunel SSH...
[2026-05-26 02:35:14] Tunel desconectado. Aguardando 15s para reconectar...
[2026-05-26 02:35:29] Conectando tunel SSH...
[2026-05-26 02:35:29] Tunel desconectado. Aguardando 15s para reconectar...
[2026-05-26 02:35:44] Conectando tunel SSH...
[2026-05-26 02:35:44] Tunel desconectado. Aguardando 15s para reconectar...
[2026-05-26 02:35:59] Conectando tunel SSH...
[2026-05-26 02:35:59] Tunel desconectado. Aguardando 15s para reconectar...
[2026-05-26 02:36:14] Conectando tunel SSH...
[2026-05-26 02:36:14] Tunel desconectado. Aguardando 15s para reconectar...
[2026-05-26 02:36:29] Conectando tunel SSH...
[2026-05-26 02:36:29] Tunel desconectado. Aguardando 15s para reconectar...
[2026-05-26 02:36:44] Conectando tunel SSH...
[2026-05-26 02:36:44] Tunel desconectado. Aguardando 15s para reconectar...
[2026-05-26 02:36:59] Conectando tunel SSH...
[2026-05-26 02:36:59] Tunel desconectado. Aguardando 15s para reconectar...
[2026-05-26 02:37:14] Conectando tunel SSH...
[2026-05-26 02:37:14] Tunel desconectado. Aguardando 15s para reconectar...
[2026-05-26 02:37:29] Conectando tunel SSH...
[2026-05-26 02:37:29] Tunel desconectado. Aguardando 15s para reconectar...
[2026-05-26 02:37:44] Conectando tunel SSH...
[2026-05-26 02:37:44] Tunel desconectado. Aguardando 15s para reconectar...
[2026-05-26 02:37:59] Conectando tunel SSH...
[2026-05-26 02:37:59] Tunel desconectado. Aguardando 15s para reconectar...
[2026-05-26 02:38:14] Conectando tunel SSH...
[2026-05-26 02:38:14] Tunel desconectado. Aguardando 15s para reconectar...
[2026-05-26 02:38:29] Conectando tunel SSH...
[2026-05-26 02:38:29] Tunel desconectado. Aguardando 15s para reconectar...
[2026-05-26 02:38:44] Conectando tunel SSH...
[2026-05-26 02:38:44] Tunel desconectado. Aguardando 15s para reconectar...
[2026-05-26 02:38:59] Conectando tunel SSH...
[2026-05-26 02:38:59] Tunel desconectado. Aguardando 15s para reconectar...
[2026-05-26 02:39:14] Conectando tunel SSH...
[2026-05-26 02:39:14] Tunel desconectado. Aguardando 15s para reconectar...
[2026-05-26 02:39:29] Conectando tunel SSH...
[2026-05-26 02:39:29] Tunel desconectado. Aguardando 15s para reconectar...
[2026-05-26 02:39:44] Conectando tunel SSH...
[2026-05-26 02:39:44] Tunel desconectado. Aguardando 15s para reconectar...
[2026-05-26 02:39:59] Conectando tunel SSH...
[2026-05-26 02:39:59] Tunel desconectado. Aguardando 15s para reconectar...
[2026-05-26 02:40:14] Conectando tunel SSH...
[2026-05-26 02:40:14] Tunel desconectado. Aguardando 15s para reconectar...
[2026-05-26 02:40:29] Conectando tunel SSH...
[2026-05-26 02:40:29] Tunel desconectado. Aguardando 15s para reconectar...
[2026-05-26 02:40:44] Conectando tunel SSH...
[2026-05-26 02:40:44] Tunel desconectado. Aguardando 15s para reconectar...
[2026-05-26 02:40:59] Conectando tunel SSH...
[2026-05-26 02:40:59] Tunel desconectado. Aguardando 15s para reconectar...
[2026-05-26 02:41:14] Conectando tunel SSH...
[2026-05-26 02:41:14] Tunel desconectado. Aguardando 15s para reconectar...
[2026-05-26 02:41:29] Conectando tunel SSH...
[2026-05-26 02:41:29] Tunel desconectado. Aguardando 15s para reconectar...
[2026-05-26 02:41:44] Conectando tunel SSH...
[2026-05-26 02:41:44] Tunel desconectado. Aguardando 15s para reconectar...
[2026-05-26 02:41:59] Conectando tunel SSH...
[2026-05-26 02:42:00] Tunel desconectado. Aguardando 15s para reconectar...
[2026-05-26 02:42:15] Conectando tunel SSH...
[2026-05-26 02:42:15] Tunel desconectado. Aguardando 15s para reconectar...
[2026-05-26 02:42:30] Conectando tunel SSH...
[2026-05-26 02:42:30] Tunel desconectado. Aguardando 15s para reconectar...
[2026-05-26 02:42:45] Conectando tunel SSH...
[2026-05-26 02:42:45] Tunel desconectado. Aguardando 15s para reconectar...
[2026-05-26 02:43:00] Conectando tunel SSH...
[2026-05-26 02:43:00] Tunel desconectado. Aguardando 15s para reconectar...
[2026-05-26 02:43:15] Conectando tunel SSH...
[2026-05-26 02:43:15] Tunel desconectado. Aguardando 15s para reconectar...
[2026-05-26 02:43:30] Conectando tunel SSH...
[2026-05-26 02:43:30] Tunel desconectado. Aguardando 15s para reconectar...
[2026-05-26 02:43:45] Conectando tunel SSH...
[2026-05-26 02:43:45] Tunel desconectado. Aguardando 15s para reconectar...
[2026-05-26 02:44:00] Conectando tunel SSH...
[2026-05-26 02:44:00] Tunel desconectado. Aguardando 15s para reconectar...
[2026-05-26 02:44:15] Conectando tunel SSH...
[2026-05-26 02:44:15] Tunel desconectado. Aguardando 15s para reconectar...
[2026-05-26 02:44:30] Conectando tunel SSH...
[2026-05-26 02:44:30] Tunel desconectado. Aguardando 15s para reconectar...
[2026-05-26 02:44:45] Conectando tunel SSH...
[2026-05-26 02:44:45] Tunel desconectado. Aguardando 15s para reconectar...
[2026-05-26 02:45:00] Conectando tunel SSH...
[2026-05-26 02:45:00] Tunel desconectado. Aguardando 15s para reconectar...
[2026-05-26 02:45:15] Conectando tunel SSH...
[2026-05-26 02:45:15] Tunel desconectado. Aguardando 15s para reconectar...
[2026-05-26 02:45:30] Conectando tunel SSH...
[2026-05-26 02:45:30] Tunel desconectado. Aguardando 15s para reconectar...
[2026-05-26 02:45:45] Conectando tunel SSH...
[2026-05-26 02:45:45] Tunel desconectado. Aguardando 15s para reconectar...
[2026-05-26 02:46:00] Conectando tunel SSH...
[2026-05-26 02:46:00] Tunel desconectado. Aguardando 15s para reconectar...
[2026-05-26 02:46:15] Conectando tunel SSH...
[2026-05-26 02:46:15] Tunel desconectado. Aguardando 15s para reconectar...
[2026-05-26 02:46:30] Conectando tunel SSH...
[2026-05-26 02:46:30] Tunel desconectado. Aguardando 15s para reconectar...
[2026-05-26 02:46:45] Conectando tunel SSH...
[2026-05-26 02:46:45] Tunel desconectado. Aguardando 15s para reconectar...
[2026-05-26 02:47:00] Conectando tunel SSH...
[2026-05-26 02:47:00] Tunel desconectado. Aguardando 15s para reconectar...
[2026-05-26 02:47:15] Conectando tunel SSH...
[2026-05-26 02:47:15] Tunel desconectado. Aguardando 15s para reconectar...
[2026-05-26 02:47:30] Conectando tunel SSH...
[2026-05-26 02:47:30] Tunel desconectado. Aguardando 15s para reconectar...
[2026-05-26 02:47:45] Conectando tunel SSH...
[2026-05-26 02:47:45] Tunel desconectado. Aguardando 15s para reconectar...
[2026-05-26 02:48:00] Conectando tunel SSH...
[2026-05-26 02:48:01] Tunel desconectado. Aguardando 15s para reconectar...
[2026-05-26 02:48:16] Conectando tunel SSH...
[2026-05-26 02:48:16] Tunel desconectado. Aguardando 15s para reconectar...
[2026-05-26 02:48:31] Conectando tunel SSH...
[2026-05-26 02:48:31] Tunel desconectado. Aguardando 15s para reconectar...
[2026-05-26 02:48:46] Conectando tunel SSH...
[2026-05-26 02:48:46] Tunel desconectado. Aguardando 15s para reconectar...
[2026-05-26 02:49:01] Conectando tunel SSH...
[2026-05-26 02:49:01] Tunel desconectado. Aguardando 15s para reconectar...
[2026-05-26 02:49:16] Conectando tunel SSH...
[2026-05-26 02:49:16] Tunel desconectado. Aguardando 15s para reconectar...
[2026-05-26 02:49:31] Conectando tunel SSH...
[2026-05-26 02:49:31] Tunel desconectado. Aguardando 15s para reconectar...
[2026-05-26 02:49:46] Conectando tunel SSH...
[2026-05-26 02:49:46] Tunel desconectado. Aguardando 15s para reconectar...
[2026-05-26 02:50:01] Conectando tunel SSH...
[2026-05-26 02:50:01] Tunel desconectado. Aguardando 15s para reconectar...
[2026-05-26 02:50:16] Conectando tunel SSH...
[2026-05-26 02:50:16] Tunel desconectado. Aguardando 15s para reconectar...
[2026-05-26 02:50:31] Conectando tunel SSH...
[2026-05-26 02:50:31] Tunel desconectado. Aguardando 15s para reconectar...
[2026-05-26 02:50:46] Conectando tunel SSH...
[2026-05-26 02:50:46] Tunel desconectado. Aguardando 15s para reconectar...
[2026-05-26 02:51:01] Conectando tunel SSH...
[2026-05-26 02:51:01] Tunel desconectado. Aguardando 15s para reconectar...
[2026-05-26 02:51:16] Conectando tunel SSH...
[2026-05-26 02:51:16] Tunel desconectado. Aguardando 15s para reconectar...
[2026-05-26 02:51:31] Conectando tunel SSH...
[2026-05-26 02:51:31] Tunel desconectado. Aguardando 15s para reconectar...
[2026-05-26 02:51:46] Conectando tunel SSH...
[2026-05-26 02:51:46] Tunel desconectado. Aguardando 15s para reconectar...
[2026-05-26 02:52:01] Conectando tunel SSH...
[2026-05-26 02:52:01] Tunel desconectado. Aguardando 15s para reconectar...
[2026-05-26 02:52:16] Conectando tunel SSH...
[2026-05-26 02:52:16] Tunel desconectado. Aguardando 15s para reconectar...
[2026-05-26 02:52:31] Conectando tunel SSH...
[2026-05-26 02:52:31] Tunel desconectado. Aguardando 15s para reconectar...
[2026-05-26 02:52:46] Conectando tunel SSH...
[2026-05-26 02:52:46] Tunel desconectado. Aguardando 15s para reconectar...
[2026-05-26 02:53:01] Conectando tunel SSH...
[2026-05-26 02:53:01] Tunel desconectado. Aguardando 15s para reconectar...
[2026-05-26 02:53:16] Conectando tunel SSH...
[2026-05-26 02:53:17] Tunel desconectado. Aguardando 15s para reconectar...
[2026-05-26 02:53:32] Conectando tunel SSH...
[2026-05-26 02:53:32] Tunel desconectado. Aguardando 15s para reconectar...
[2026-05-26 02:53:47] Conectando tunel SSH...
[2026-05-26 02:53:47] Tunel desconectado. Aguardando 15s para reconectar...
[2026-05-26 02:54:02] Conectando tunel SSH...
[2026-05-26 02:54:02] Tunel desconectado. Aguardando 15s para reconectar...
[2026-05-26 02:54:17] Conectando tunel SSH...
[2026-05-26 02:54:17] Tunel desconectado. Aguardando 15s para reconectar...
[2026-05-26 02:54:32] Conectando tunel SSH...
[2026-05-26 02:54:32] Tunel desconectado. Aguardando 15s para reconectar...
[2026-05-26 02:54:47] Conectando tunel SSH...
[2026-05-26 02:54:47] Tunel desconectado. Aguardando 15s para reconectar...
[2026-05-26 02:55:02] Conectando tunel SSH...
[2026-05-26 02:55:02] Tunel desconectado. Aguardando 15s para reconectar...
[2026-05-26 02:55:17] Conectando tunel SSH...
[2026-05-26 02:55:17] Tunel desconectado. Aguardando 15s para reconectar...
[2026-05-26 02:55:32] Conectando tunel SSH...
[2026-05-26 02:55:32] Tunel desconectado. Aguardando 15s para reconectar...
[2026-05-26 02:55:47] Conectando tunel SSH...
[2026-05-26 02:55:47] Tunel desconectado. Aguardando 15s para reconectar...
[2026-05-26 02:56:02] Conectando tunel SSH...
[2026-05-26 02:56:02] Tunel desconectado. Aguardando 15s para reconectar...
[2026-05-26 02:56:17] Conectando tunel SSH...
[2026-05-26 02:56:17] Tunel desconectado. Aguardando 15s para reconectar...
[2026-05-26 02:56:32] Conectando tunel SSH...
[2026-05-26 02:56:32] Tunel desconectado. Aguardando 15s para reconectar...
[2026-05-26 02:56:47] Conectando tunel SSH...
[2026-05-26 02:56:47] Tunel desconectado. Aguardando 15s para reconectar...
[2026-05-26 02:57:02] Conectando tunel SSH...
[2026-05-26 02:57:02] Tunel desconectado. Aguardando 15s para reconectar...
[2026-05-26 02:57:17] Conectando tunel SSH...
[2026-05-26 02:57:17] Tunel desconectado. Aguardando 15s para reconectar...
[2026-05-26 02:57:32] Conectando tunel SSH...
[2026-05-26 02:57:32] Tunel desconectado. Aguardando 15s para reconectar...
[2026-05-26 02:57:47] Conectando tunel SSH...
[2026-05-26 02:57:47] Tunel desconectado. Aguardando 15s para reconectar...
[2026-05-26 02:58:02] Conectando tunel SSH...
[2026-05-26 02:58:03] Tunel desconectado. Aguardando 15s para reconectar...
[2026-05-26 02:58:18] Conectando tunel SSH...
[2026-05-26 02:58:18] Tunel desconectado. Aguardando 15s para reconectar...
[2026-05-26 02:58:33] Conectando tunel SSH...
[2026-05-26 02:58:33] Tunel desconectado. Aguardando 15s para reconectar...
[2026-05-26 02:58:48] Conectando tunel SSH...
[2026-05-26 02:58:48] Tunel desconectado. Aguardando 15s para reconectar...
[2026-05-26 02:59:03] Conectando tunel SSH...
[2026-05-26 02:59:03] Tunel desconectado. Aguardando 15s para reconectar...
[2026-05-26 02:59:18] Conectando tunel SSH...
[2026-05-26 02:59:18] Tunel desconectado. Aguardando 15s para reconectar...
[2026-05-26 02:59:33] Conectando tunel SSH...
[2026-05-26 02:59:33] Tunel desconectado. Aguardando 15s para reconectar...
[2026-05-26 02:59:48] Conectando tunel SSH...
[2026-05-26 02:59:48] Tunel desconectado. Aguardando 15s para reconectar...
[2026-05-26 03:00:03] Conectando tunel SSH...
[2026-05-26 03:00:03] Tunel desconectado. Aguardando 15s para reconectar...
[2026-05-26 03:00:18] Conectando tunel SSH...
[2026-05-26 03:00:18] Tunel desconectado. Aguardando 15s para reconectar...
[2026-05-26 03:00:33] Conectando tunel SSH...
[2026-05-26 03:00:33] Tunel desconectado. Aguardando 15s para reconectar...
[2026-05-26 03:00:48] Conectando tunel SSH...
[2026-05-26 03:00:48] Tunel desconectado. Aguardando 15s para reconectar...
[2026-05-26 03:01:03] Conectando tunel SSH...
[2026-05-26 03:01:03] Tunel desconectado. Aguardando 15s para reconectar...
[2026-05-26 03:01:18] Conectando tunel SSH...
[2026-05-26 03:01:18] Tunel desconectado. Aguardando 15s para reconectar...
[2026-05-26 03:01:33] Conectando tunel SSH...
[2026-05-26 03:01:33] Tunel desconectado. Aguardando 15s para reconectar...
[2026-05-26 03:01:48] Conectando tunel SSH...
[2026-05-26 03:01:48] Tunel desconectado. Aguardando 15s para reconectar...
[2026-05-26 03:02:03] Conectando tunel SSH...
[2026-05-26 03:02:03] Tunel desconectado. Aguardando 15s para reconectar...
[2026-05-26 03:02:18] Conectando tunel SSH...
[2026-05-26 03:02:18] Tunel desconectado. Aguardando 15s para reconectar...
[2026-05-26 03:02:33] Conectando tunel SSH...
[2026-05-26 03:02:33] Tunel desconectado. Aguardando 15s para reconectar...
[2026-05-26 03:02:48] Conectando tunel SSH...
[2026-05-26 03:02:48] Tunel desconectado. Aguardando 15s para reconectar...
[2026-05-26 03:03:03] Conectando tunel SSH...
[2026-05-26 03:03:03] Tunel desconectado. Aguardando 15s para reconectar...
[2026-05-26 03:03:18] Conectando tunel SSH...
[2026-05-26 03:03:18] Tunel desconectado. Aguardando 15s para reconectar...
[2026-05-26 05:51:31] === HypeBot Service iniciando ===
[2026-05-26 05:51:31] URL: https://21473d90e2694b.lhr.life
[2026-05-26 05:51:31] Iniciando dashboard...
[2026-05-26 05:51:35] Dashboard OK.
[2026-05-26 05:51:35] Conectando tunel SSH...
[2026-05-26 06:05:07] Tunel desconectado. Aguardando 15s para reconectar...
[2026-05-26 06:05:22] Conectando tunel SSH...
[2026-05-26 06:05:36] Tunel desconectado. Aguardando 15s para reconectar...
[2026-05-26 06:05:51] Conectando tunel SSH...
[2026-05-26 06:06:03] Tunel desconectado. Aguardando 15s para reconectar...
[2026-05-26 06:06:18] Conectando tunel SSH...
[2026-05-26 06:06:44] Tunel desconectado. Aguardando 15s para reconectar...
[2026-05-26 06:06:59] Conectando tunel SSH...
[2026-05-26 06:08:00] Tunel desconectado. Aguardando 15s para reconectar...
[2026-05-26 06:08:15] Conectando tunel SSH...
[2026-05-26 06:11:09] Tunel desconectado. Aguardando 15s para reconectar...
[2026-05-26 06:11:24] Conectando tunel SSH...
[2026-05-26 06:13:49] Tunel desconectado. Aguardando 15s para reconectar...
[2026-05-26 06:14:04] Conectando tunel SSH...
[2026-05-30 07:02:21] === HypeBot Service iniciando ===
[2026-05-30 07:02:21] URL: https://21473d90e2694b.lhr.life
[2026-05-30 07:02:21] Iniciando dashboard...
[2026-05-30 07:02:25] Dashboard OK.
[2026-05-30 07:02:25] Conectando tunel SSH...
[2026-05-30 07:02:36] Tunel desconectado. Aguardando 15s para reconectar...
[2026-05-30 07:02:36] Dashboard caiu! Reiniciando...
[2026-05-30 07:02:36] Iniciando dashboard...
[2026-05-30 07:06:01] === HypeBot Service iniciando ===
[2026-05-30 07:06:01] URL: https://21473d90e2694b.lhr.life
[2026-05-30 07:06:01] Iniciando dashboard...
[2026-05-30 07:06:05] Dashboard OK.
[2026-05-30 07:06:05] Conectando tunel SSH...
[2026-05-30 07:09:57] === HypeBot Service iniciando ===
[2026-05-30 07:09:57] URL: https://21473d90e2694b.lhr.life
[2026-05-30 07:09:57] Iniciando dashboard...
[2026-05-30 07:10:01] Dashboard OK.
[2026-05-30 07:10:01] Conectando tunel SSH...
[2026-05-30 07:12:30] === HypeBot Service iniciando ===
[2026-05-30 07:12:30] URL: https://21473d90e2694b.lhr.life
[2026-05-30 07:12:30] Iniciando dashboard...
[2026-05-30 07:12:34] Dashboard OK.
[2026-05-30 07:12:34] Conectando tunel SSH...
[2026-05-30 07:13:32] === HypeBot Service iniciando ===
[2026-05-30 07:13:32] URL: https://21473d90e2694b.lhr.life
[2026-05-30 07:13:32] Iniciando dashboard...
[2026-05-30 07:13:36] Dashboard OK.
[2026-05-30 07:13:36] Conectando tunel SSH...
[2026-05-30 07:15:18] === HypeBot Service iniciando ===
[2026-05-30 07:15:18] URL: https://21473d90e2694b.lhr.life
[2026-05-30 07:15:18] Iniciando dashboard...
[2026-05-30 07:15:22] Dashboard OK.
[2026-05-30 07:15:22] Conectando tunel SSH...
[2026-05-30 07:16:19] === HypeBot Service iniciando ===
[2026-05-30 07:16:19] URL: https://21473d90e2694b.lhr.life
[2026-05-30 07:16:19] Iniciando dashboard...
[2026-05-30 07:16:23] Dashboard OK.
[2026-05-30 07:16:23] Conectando tunel SSH...
[2026-05-30 07:18:56] === HypeBot Service iniciando ===
[2026-05-30 07:18:56] URL: https://21473d90e2694b.lhr.life
[2026-05-30 07:18:56] Iniciando dashboard...
[2026-05-30 07:19:00] Dashboard OK.
[2026-05-30 07:19:00] Conectando tunel SSH...
[2026-05-30 07:21:10] === HypeBot Service iniciando ===
[2026-05-30 07:21:10] URL: https://21473d90e2694b.lhr.life
[2026-05-30 07:21:10] Iniciando dashboard...
[2026-05-30 07:21:14] Dashboard OK.
[2026-05-30 07:21:14] Conectando tunel SSH...
[2026-05-30 07:22:19] === HypeBot Service iniciando ===
[2026-05-30 07:22:19] URL: https://21473d90e2694b.lhr.life
[2026-05-30 07:22:19] Iniciando dashboard...
[2026-05-30 07:22:23] Dashboard OK.
[2026-05-30 07:22:23] Conectando tunel SSH...
[2026-05-30 07:30:45] === HypeBot Service iniciando ===
[2026-05-30 07:30:45] URL: https://21473d90e2694b.lhr.life
[2026-05-30 07:30:45] Iniciando dashboard...
[2026-05-30 07:30:49] Dashboard OK.
[2026-05-30 07:30:49] Conectando tunel SSH...
[2026-05-30 07:36:54] === HypeBot Service iniciando ===
[2026-05-30 07:36:54] URL: https://21473d90e2694b.lhr.life
[2026-05-30 07:36:54] Iniciando dashboard...
[2026-05-30 07:36:58] Dashboard OK.
[2026-05-30 07:36:58] Conectando tunel SSH...
[2026-05-30 07:39:08] === HypeBot Service iniciando ===
[2026-05-30 07:39:08] URL: https://21473d90e2694b.lhr.life
[2026-05-30 07:39:08] Iniciando dashboard...
[2026-05-30 07:39:12] Dashboard OK.
[2026-05-30 07:39:12] Conectando tunel SSH...
[2026-05-30 08:56:15] Tunel desconectado. Aguardando 15s para reconectar...
[2026-05-30 08:56:15] Dashboard caiu! Reiniciando...
[2026-05-30 08:56:15] Iniciando dashboard...
[2026-06-16 15:21:01] === HypeBot Service iniciando ===
[2026-06-16 15:21:01] URL: https://21473d90e2694b.lhr.life
[2026-06-16 15:21:01] Iniciando dashboard...
[2026-06-16 15:21:05] Dashboard OK.
[2026-06-16 15:21:05] Conectando tunel SSH...
[2026-06-16 20:32:58] Tunel desconectado. Aguardando 15s para reconectar...
[2026-06-16 20:32:58] Dashboard caiu! Reiniciando...
[2026-06-16 20:32:58] Iniciando dashboard...
